Build started 4/26/2012 11:45:21 AM.
     1>Project "C:\Users\Michael Bekesz\Desktop\MyProgs\Programming years 07 08\Fall07\Chess2\Chess2.vcxproj" on node 2 (build target(s)).
     1>InitializeBuildStatus:
         Creating ".\Debug\Chess2.unsuccessfulbuild" because "AlwaysCreate" was specified.
       ClCompile:
         C:\Program Files (x86)\Microsoft Visual Studio 10.0\VC\bin\CL.exe /c /ZI /nologo /W3 /WX- /Od /Oy- /D WIN32 /D _DEBUG /D _CONSOLE /D _VC80_UPGRADE=0x0600 /D _MBCS /Gm /EHsc /RTC1 /MTd /GS /fp:precise /Zc:wchar_t /Zc:forScope /Fo".\Debug/" /Fd".\Debug/vc100.pdb" /Gd /TP /analyze- /errorReport:prompt chess2.cpp
         chess2.cpp
     1>c:\users\michael bekesz\desktop\myprogs\programming years 07 08\fall07\chess2\chess2.cpp(29): warning C4244: 'argument' : conversion from 'int' to 'float', possible loss of data
     1>c:\users\michael bekesz\desktop\myprogs\programming years 07 08\fall07\chess2\chess2.cpp(29): warning C4244: 'argument' : conversion from 'int' to 'float', possible loss of data
       ManifestResourceCompile:
         C:\Program Files (x86)\Microsoft SDKs\Windows\v7.0A\bin\rc.exe /nologo /fo".\Debug\Chess2.exe.embed.manifest.res" .\Debug\Chess2_manifest.rc 
       Link:
         C:\Program Files (x86)\Microsoft Visual Studio 10.0\VC\bin\link.exe /ERRORREPORT:PROMPT /OUT:".\Debug/Chess2.exe" /INCREMENTAL /NOLOGO kernel32.lib user32.lib gdi32.lib winspool.lib comdlg32.lib advapi32.lib shell32.lib ole32.lib oleaut32.lib uuid.lib odbc32.lib odbccp32.lib /MANIFEST /ManifestFile:".\Debug\Chess2.exe.intermediate.manifest" /MANIFESTUAC:"level='asInvoker' uiAccess='false'" /DEBUG /PDB:".\Debug/Chess2.pdb" /SUBSYSTEM:CONSOLE /TLBID:1 /DYNAMICBASE:NO /IMPLIB:".\Debug\Chess2.lib" /MACHINE:X86 .\Debug\Chess2.exe.embed.manifest.res
         .\Debug/chess2.obj
     1>LINK : warning LNK4076: invalid incremental status file '.\Debug/Chess2.ilk' (which will be deleted); linking nonincrementally
     1>LINK : warning LNK4098: defaultlib 'LIBCMT' conflicts with use of other libs; use /NODEFAULTLIB:library
       Manifest:
         C:\Program Files (x86)\Microsoft SDKs\Windows\v7.0A\bin\mt.exe /nologo /verbose /out:".\Debug\Chess2.exe.embed.manifest" /manifest .\Debug\Chess2.exe.intermediate.manifest
         All outputs are up-to-date.
       LinkEmbedManifest:
         All outputs are up-to-date.
         Chess2.vcxproj -> C:\Users\Michael Bekesz\Desktop\MyProgs\Programming years 07 08\Fall07\Chess2\.\Debug\Chess2.exe
       FinalizeBuildStatus:
         Deleting file ".\Debug\Chess2.unsuccessfulbuild".
         Touching ".\Debug\Chess2.lastbuildstate".
     1>Done Building Project "C:\Users\Michael Bekesz\Desktop\MyProgs\Programming years 07 08\Fall07\Chess2\Chess2.vcxproj" (build target(s)).

Build succeeded.

Time Elapsed 00:00:05.53
